Arguments: 
  /usr/local/bin/node /usr/local/Cellar/yarn/1.5.1_1/libexec/bin/yarn.js remove material-ui

PATH: 
  /Users/susan/.rvm/gems/ruby-2.2.3/bin:/Users/susan/.rvm/gems/ruby-2.2.3@global/bin:/Users/susan/.rvm/rubies/ruby-2.2.3/bin:/bin:/usr/bin:/usr/local/bin:/usr/local/heroku/bin:usr/bin/node:usr/bin/babel-node:/Users/susan/.npm-packages/bin:/usr/local/bin:/usr/bin:/bin:/usr/sbin:/sbin:/Users/susan/.local/bin:/Users/susan/localdev/vv:/Users/susan/.rvm/bin

Yarn version: 
  1.5.1

Node version: 
  9.4.0

Platform: 
  darwin x64

npm manifest: 
  {
    "name": "react_loneliest_chatroom",
    "version": "0.1.0",
    "scripts": {
      "start": "react-scripts start",
      "build": "react-scripts build",
      "test": "react-scripts test --env=jsdom",
      "eject": "react-scripts eject"
    },
    "private": false,
    "devDependencies": {
      "babel-core": "^6.26.0",
      "babel-eslint": "^8.2.2",
      "babel-loader": "^7.1.4",
      "babel-preset-es2015": "^6.24.1",
      "babel-preset-react": "^6.24.1",
      "eslint": "^4.19.1",
      "eslint-plugin-flowtype": "^2.46.1",
      "eslint-plugin-import": "^2.10.0",
      "eslint-plugin-jsx-a11y": "^6.0.3",
      "eslint-plugin-react": "^7.7.0",
      "html-webpack-plugin": "^3.1.0",
      "react-hot-loader": "^4.0.0",
      "react-scripts": "1.1.1",
      "transfer-webpack-plugin": "^0.1.4",
      "webpack": "^4.4.1",
      "webpack-dev-server": "^3.1.1"
    },
    "dependencies": {
      "babel-plugin-transform-decorators": "^6.24.1",
      "babel-plugin-transform-decorators-legacy": "^1.3.4",
      "material-ui": "^0.20.0",
      "react": "^16.0.0",
      "react-dom": "^16.3.0",
      "react-router": "^4.2.0",
      "react-tap-event-plugin": "^3.0.2",
      "router": "^1.3.2"
    },
    "main": "index.js",
    "repository": "git@github.com:sdav9375/react_loneliest_chatroom.git",
    "author": "Susan Davies <sdav9375@gmail.com>",
    "license": "MIT"
  }

yarn manifest: 
  No manifest

Lockfile: 
  No lockfile

Trace: 
  Error: No lockfile in this directory. Run `yarn install` to generate one.
      at new MessageError (/usr/local/Cellar/yarn/1.5.1_1/libexec/lib/cli.js:186:110)
      at /usr/local/Cellar/yarn/1.5.1_1/libexec/lib/cli.js:89389:13
      at <anonymous>
